Processed 20 buildings in 0.181 s
CSV written to task9_course_queue_results.csv

------------------------------------------------------------
Sender: LSF System <lsfadmin@hpc.dtu.dk>
Subject: Job 28184262: <task9_cupy_course_queue> in cluster <dcc> Done

Job <task9_cupy_course_queue> was submitted from host <hpclogin1> by user <s253013> in cluster <dcc> at Fri Apr 10 19:47:42 2026
Job was executed on host(s) <4*n-62-18-13>, in queue <c02613>, as user <s253013> in cluster <dcc> at Fri Apr 10 19:47:42 2026
</zhome/55/7/223284> was used as the home directory.
</zhome/55/7/223284/scripts/mini_project> was used as the working directory.
Started at Fri Apr 10 19:47:42 2026
Terminated at Fri Apr 10 19:47:49 2026
Results reported at Fri Apr 10 19:47:49 2026

Your job looked like:

------------------------------------------------------------
# LSBATCH: User input
#!/bin/bash
#BSUB -J task9_cupy_course_queue
#BSUB -q c02613
#BSUB -W 00:30
#BSUB -n 4
#BSUB -gpu "num=1:mode=exclusive_process"
#BSUB -R "rusage[mem=4096MB]"
#BSUB -R "select[gpu80gb]"
#BSUB -R "span[hosts=1]"
#BSUB -o task9_cupy_course_queue.out
#BSUB -e task9_cupy_course_queue.err

source /dtu/projects/02613_2025/conda/conda_init.sh
conda activate 02613_2026

time python3 task_9.py \
  --n-buildings 20 \
  --max-iter 20000 \
  --csv-out task9_course_queue_results.csv

------------------------------------------------------------

Successfully completed.

Resource usage summary:

    CPU time :                                   2.16 sec.
    Max Memory :                                 -
    Average Memory :                             -
    Total Requested Memory :                     16384.00 MB
    Delta Memory :                               -
    Max Swap :                                   -
    Max Processes :                              -
    Max Threads :                                -
    Run time :                                   7 sec.
    Turnaround time :                            7 sec.

The output (if any) is above this job summary.



PS:

Read file <task9_cupy_course_queue.err> for stderr output of this job.

